# JRE version: Java(TM) SE Runtime Environment (11.0.1+13) (build 11.0.1+13-LTS)
# Java VM: Java HotSpot(TM) 64-Bit Server VM (11.0.1+13-LTS, mixed mode, tiered, compressed oops, g1 gc, windows-amd64)
Heap:
 garbage-first heap   total 131072K, used 106483K [0x0000000081c00000, 0x0000000100000000)
  region size 1024K, 67 young (68608K), 4 survivors (4096K)
 Metaspace       used 76254K, capacity 78694K, committed 78980K, reserved 1118208K
  class space    used 10200K, capacity 11149K, committed 11244K, reserved 1048576K
GC Heap History (10 events):
Event: 19.896 GC heap after
{Heap after GC invocations=17 (full 0):
 garbage-first heap   total 131072K, used 32481K [0x0000000081c00000, 0x0000000100000000)
  region size 1024K, 8 young (8192K), 8 survivors (8192K)
 Metaspace       used 63359K, capacity 65352K, committed 65540K, reserved 1105920K
  class space    used 8485K, capacity 9245K, committed 9324K, reserved 1048576K
}
Event: 20.158 GC heap before
{Heap before GC invocations=17 (full 0):
 garbage-first heap   total 131072K, used 103137K [0x0000000081c00000, 0x0000000100000000)
  region size 1024K, 76 young (77824K), 8 survivors (8192K)
 Metaspace       used 63648K, capacity 65661K, committed 65796K, reserved 1105920K
  class space    used 8516K, capacity 9283K, committed 9324K, reserved 1048576K
}
Event: 20.169 GC heap after
{Heap after GC invocations=18 (full 0):
 garbage-first heap   total 131072K, used 38160K [0x0000000081c00000, 0x0000000100000000)
  region size 1024K, 10 young (10240K), 10 survivors (10240K)
 Metaspace       used 63648K, capacity 65661K, committed 65796K, reserved 1105920K
  class space    used 8516K, capacity 9283K, committed 9324K, reserved 1048576K
}
Event: 21.167 GC heap before
{Heap before GC invocations=18 (full 0):
 garbage-first heap   total 131072K, used 104720K [0x0000000081c00000, 0x0000000100000000)
  region size 1024K, 75 young (76800K), 10 survivors (10240K)
 Metaspace       used 68095K, capacity 70267K, committed 70404K, reserved 1110016K
  class space    used 9117K, capacity 9960K, committed 10092K, reserved 1048576K
}
Event: 21.182 GC heap after
{Heap after GC invocations=19 (full 0):
 garbage-first heap   total 131072K, used 37054K [0x0000000081c00000, 0x0000000100000000)
  region size 1024K, 4 young (4096K), 4 survivors (4096K)
 Metaspace       used 68095K, capacity 70267K, committed 70404K, reserved 1110016K
  class space    used 9117K, capacity 9960K, committed 10092K, reserved 1048576K
}
Event: 26.467 GC heap before
{Heap before GC invocations=19 (full 0):
 garbage-first heap   total 131072K, used 103614K [0x0000000081c00000, 0x0000000100000000)
  region size 1024K, 70 young (71680K), 4 survivors (4096K)
 Metaspace       used 73369K, capacity 75834K, committed 76036K, reserved 1114112K
  class space    used 9820K, capacity 10775K, committed 10860K, reserved 1048576K
}
Event: 26.473 GC heap after
{Heap after GC invocations=20 (full 0):
 garbage-first heap   total 131072K, used 39102K [0x0000000081c00000, 0x0000000100000000)
  region size 1024K, 6 young (6144K), 6 survivors (6144K)
 Metaspace       used 73369K, capacity 75834K, committed 76036K, reserved 1114112K
  class space    used 9820K, capacity 10775K, committed 10860K, reserved 1048576K
}
Event: 398.013 GC heap before
{Heap before GC invocations=20 (full 0):
 garbage-first heap   total 131072K, used 104638K [0x0000000081c00000, 0x0000000100000000)
  region size 1024K, 71 young (72704K), 6 survivors (6144K)
 Metaspace       used 76254K, capacity 78694K, committed 78980K, reserved 1118208K
  class space    used 10200K, capacity 11149K, committed 11244K, reserved 1048576K
}
Event: 398.022 GC heap after
{Heap after GC invocations=21 (full 0):
 garbage-first heap   total 131072K, used 41971K [0x0000000081c00000, 0x0000000100000000)
  region size 1024K, 6 young (6144K), 6 survivors (6144K)
 Metaspace       used 76254K, capacity 78694K, committed 78980K, reserved 1118208K
  class space    used 10200K, capacity 11149K, committed 11244K, reserved 1048576K
}
Event: 1315.386 GC heap before
{Heap before GC invocations=21 (full 0):
 garbage-first heap   total 131072K, used 106483K [0x0000000081c00000, 0x0000000100000000)
  region size 1024K, 69 young (70656K), 6 survivors (6144K)
 Metaspace       used 76254K, capacity 78694K, committed 78980K, reserved 1118208K
  class space    used 10200K, capacity 11149K, committed 11244K, reserved 1048576K
}

